<?xml version="1.0" encoding="UTF-8"?>
<!-- Generated by org.testng.reporters.JUnitReportReporter -->
<testsuite hostname="MAYUR" failures="0" tests="1" name="test_NG_programs.Test_ng_prgm" time="0.020" errors="0" timestamp="2022-11-09T10:05:10 IST" skipped="0">
  <testcase classname="test_NG_programs.Test_ng_prgm" name="m1" time="0.020"/>
  <system-out>
    <![CDATA[hi]]>
  </system-out>
</testsuite> <!-- test_NG_programs.Test_ng_prgm -->
